testpush/test_push/build/app/intermediates/manifest_merge_blame_file/debug/manifest-merger-blame-debug-report.txt
1<?xml version="1.0" encoding="utf-8"?>
2<manifest xmlns:android="http://schemas.android.com/apk/res/android"
3    package="com.example.test_push"
4    android:versionCode="1"
5    android:versionName="1.0.0" >
6
7    <uses-sdk
8        android:minSdkVersion="19"
9        android:targetSdkVersion="31" />
10    <!--
11         Flutter needs it to communicate with the running application
12         to allow setting breakpoints, to provide hot reload, etc.
13    -->
14    <uses-permission android:name="android.permission.INTERNET" />
14-->src/debug/AndroidManifest.xml:6:5-66
14-->src/debug/AndroidManifest.xml:6:22-64
15    <uses-permission android:name="android.permission.WAKE_LOCK" />
15-->[:firebase_messaging] AndroidManifest.xml:8:5-68
15-->[:firebase_messaging] AndroidManifest.xml:8:22-65
16    <uses-permission android:name="android.permission.ACCESS_NETWORK_STATE" />
16-->[:firebase_messaging] AndroidManifest.xml:9:5-79
16-->[:firebase_messaging] AndroidManifest.xml:9:22-76
17    <uses-permission android:name="android.permission.RECEIVE_BOOT_COMPLETED" />
17-->[:flutter_local_notifications] AndroidManifest.xml:7:5-81
17-->[:flutter_local_notifications] AndroidManifest.xml:7:22-78
18    <uses-permission android:name="android.permission.VIBRATE" />
18-->[:flutter_local_notifications] AndroidManifest.xml:8:5-66
18-->[:flutter_local_notifications] AndroidManifest.xml:8:22-63
19    <uses-permission android:name="android.permission.USE_FULL_SCREEN_INTENT" />
19-->[:flutter_local_notifications] AndroidManifest.xml:9:5-81
19-->[:flutter_local_notifications] AndroidManifest.xml:9:22-78
20    <uses-permission android:name="android.permission.SCHEDULE_EXACT_ALARM" /> <!-- Required by older versions of Google Play services to create IID tokens -->
20-->[:flutter_local_notifications] AndroidManifest.xml:10:5-79
20-->[:flutter_local_notifications] AndroidManifest.xml:10:22-76
21    <uses-permission android:name="com.google.android.c2dm.permission.RECEIVE" />
21-->[com.google.firebase:firebase-messaging:23.0.0] AndroidManifest.xml:25:5-82
21-->[com.google.firebase:firebase-messaging:23.0.0] AndroidManifest.xml:25:22-79
22
23    <application
24        android:name="android.app.Application"
25        android:appComponentFactory="androidx.core.app.CoreComponentFactory"
25-->[androidx.core:core:1.6.0] AndroidManifest.xml:24:18-86
26        android:debuggable="true"
27        android:icon="@mipmap/ic_launcher"
28        android:label="test_push" >
29        <meta-data
30            android:name="com.google.firebase.messaging.default_notification_channel_id"
31            android:value="high_importance_channel" />
32
33        <activity
34            android:name="com.example.test_push.MainActivity"
35            android:configChanges="orientation|keyboardHidden|keyboard|screenSize|smallestScreenSize|locale|layoutDirection|fontScale|screenLayout|density|uiMode"
36            android:exported="true"
37            android:hardwareAccelerated="true"
38            android:launchMode="singleTop"
39            android:theme="@style/LaunchTheme"
40            android:windowSoftInputMode="adjustResize" >
41
42            <!--
43                 Specifies an Android theme to apply to this Activity as soon as
44                 the Android process has started. This theme is visible to the user
45                 while the Flutter UI initializes. After that, this theme continues
46                 to determine the Window background behind the Flutter UI.
47            -->
48            <meta-data
49                android:name="io.flutter.embedding.android.NormalTheme"
50                android:resource="@style/NormalTheme" />
51
52            <intent-filter>
53                <action android:name="android.intent.action.MAIN" />
54
55                <category android:name="android.intent.category.LAUNCHER" />
56            </intent-filter>
57        </activity>
58        <!--
59             Don't delete the meta-data below.
60             This is used by the Flutter tool to generate GeneratedPluginRegistrant.java
61        -->
62        <meta-data
63            android:name="flutterEmbedding"
64            android:value="2" />
65
66        <service
66-->[:firebase_messaging] AndroidManifest.xml:12:9-15:72
67            android:name="io.flutter.plugins.firebase.messaging.FlutterFirebaseMessagingBackgroundService"
67-->[:firebase_messaging] AndroidManifest.xml:13:13-107
68            android:exported="false"
68-->[:firebase_messaging] AndroidManifest.xml:14:13-37
69            android:permission="android.permission.BIND_JOB_SERVICE" />
69-->[:firebase_messaging] AndroidManifest.xml:15:13-69
70        <service
70-->[:firebase_messaging] AndroidManifest.xml:16:9-22:19
71            android:name="io.flutter.plugins.firebase.messaging.FlutterFirebaseMessagingService"
71-->[:firebase_messaging] AndroidManifest.xml:17:13-97
72            android:exported="false" >
72-->[:firebase_messaging] AndroidManifest.xml:18:13-37
73            <intent-filter>
73-->[:firebase_messaging] AndroidManifest.xml:19:13-21:29
74                <action android:name="com.google.firebase.MESSAGING_EVENT" />
74-->[:firebase_messaging] AndroidManifest.xml:20:17-78
74-->[:firebase_messaging] AndroidManifest.xml:20:25-75
75            </intent-filter>
76        </service>
77
78        <receiver
78-->[:firebase_messaging] AndroidManifest.xml:24:9-31:20
79            android:name="io.flutter.plugins.firebase.messaging.FlutterFirebaseMessagingReceiver"
79-->[:firebase_messaging] AndroidManifest.xml:25:13-98
80            android:exported="true"
80-->[:firebase_messaging] AndroidManifest.xml:26:13-36
81            android:permission="com.google.android.c2dm.permission.SEND" >
81-->[:firebase_messaging] AndroidManifest.xml:27:13-73
82            <intent-filter>
82-->[:firebase_messaging] AndroidManifest.xml:28:13-30:29
83                <action android:name="com.google.android.c2dm.intent.RECEIVE" />
83-->[:firebase_messaging] AndroidManifest.xml:29:17-81
83-->[:firebase_messaging] AndroidManifest.xml:29:25-78
84            </intent-filter>
85        </receiver>
86
87        <service
87-->[:firebase_messaging] AndroidManifest.xml:33:9-37:19
88            android:name="com.google.firebase.components.ComponentDiscoveryService"
88-->[:firebase_messaging] AndroidManifest.xml:33:18-89
89            android:directBootAware="true"
89-->[com.google.firebase:firebase-common:20.0.0] AndroidManifest.xml:35:13-43
90            android:exported="false" >
90-->[com.google.firebase:firebase-messaging:23.0.0] AndroidManifest.xml:51:13-37
91            <meta-data
91-->[:firebase_messaging] AndroidManifest.xml:34:13-36:85
92                android:name="com.google.firebase.components:io.flutter.plugins.firebase.messaging.FlutterFirebaseAppRegistrar"
92-->[:firebase_messaging] AndroidManifest.xml:35:17-128
93                android:value="com.google.firebase.components.ComponentRegistrar" />
93-->[:firebase_messaging] AndroidManifest.xml:36:17-82
94            <meta-data
94-->[:firebase_core] AndroidManifest.xml:9:13-11:85
95                android:name="com.google.firebase.components:io.flutter.plugins.firebase.core.FlutterFirebaseCoreRegistrar"
95-->[:firebase_core] AndroidManifest.xml:10:17-124
96                android:value="com.google.firebase.components.ComponentRegistrar" />
96-->[:firebase_core] AndroidManifest.xml:11:17-82
97            <meta-data
97-->[com.google.firebase:firebase-messaging:23.0.0] AndroidManifest.xml:52:13-54:85
98                android:name="com.google.firebase.components:com.google.firebase.messaging.FirebaseMessagingRegistrar"
98-->[com.google.firebase:firebase-messaging:23.0.0] AndroidManifest.xml:53:17-119
99                android:value="com.google.firebase.components.ComponentRegistrar" />
99-->[com.google.firebase:firebase-messaging:23.0.0] AndroidManifest.xml:54:17-82
100            <meta-data
100-->[com.google.firebase:firebase-datatransport:18.0.0] AndroidManifest.xml:28:13-30:85
101                android:name="com.google.firebase.components:com.google.firebase.datatransport.TransportRegistrar"
101-->[com.google.firebase:firebase-datatransport:18.0.0] AndroidManifest.xml:29:17-115
102                android:value="com.google.firebase.components.ComponentRegistrar" />
102-->[com.google.firebase:firebase-datatransport:18.0.0] AndroidManifest.xml:30:17-82
103            <meta-data
103-->[com.google.firebase:firebase-installations:17.0.0] AndroidManifest.xml:18:13-20:85
104                android:name="com.google.firebase.components:com.google.firebase.installations.FirebaseInstallationsRegistrar"
104-->[com.google.firebase:firebase-installations:17.0.0] AndroidManifest.xml:19:17-127
105                android:value="com.google.firebase.components.ComponentRegistrar" />
105-->[com.google.firebase:firebase-installations:17.0.0] AndroidManifest.xml:20:17-82
106        </service>
107
108        <provider
108-->[:firebase_messaging] AndroidManifest.xml:39:9-43:38
109            android:name="io.flutter.plugins.firebase.messaging.FlutterFirebaseMessagingInitProvider"
109-->[:firebase_messaging] AndroidManifest.xml:40:13-102
110            android:authorities="com.example.test_push.flutterfirebasemessaginginitprovider"
110-->[:firebase_messaging] AndroidManifest.xml:41:13-88
111            android:exported="false"
111-->[:firebase_messaging] AndroidManifest.xml:42:13-37
112            android:initOrder="99" />
112-->[:firebase_messaging] AndroidManifest.xml:43:13-35
113
114        <receiver
114-->[:flutter_local_notifications] AndroidManifest.xml:13:9-15:40
115            android:name="com.dexterous.flutterlocalnotifications.ScheduledNotificationReceiver"
115-->[:flutter_local_notifications] AndroidManifest.xml:14:13-97
116            android:exported="false" />
116-->[:flutter_local_notifications] AndroidManifest.xml:15:13-37
117        <receiver
117-->[:flutter_local_notifications] AndroidManifest.xml:16:9-25:20
118            android:name="com.dexterous.flutterlocalnotifications.ScheduledNotificationBootReceiver"
118-->[:flutter_local_notifications] AndroidManifest.xml:17:13-101
119            android:exported="false" >
119-->[:flutter_local_notifications] AndroidManifest.xml:18:13-37
120            <intent-filter>
120-->[:flutter_local_notifications] AndroidManifest.xml:19:13-24:29
121                <action android:name="android.intent.action.BOOT_COMPLETED" />
121-->[:flutter_local_notifications] AndroidManifest.xml:20:17-79
121-->[:flutter_local_notifications] AndroidManifest.xml:20:25-76
122                <action android:name="android.intent.action.MY_PACKAGE_REPLACED" />
122-->[:flutter_local_notifications] AndroidManifest.xml:21:17-84
122-->[:flutter_local_notifications] AndroidManifest.xml:21:25-81
123                <action android:name="android.intent.action.QUICKBOOT_POWERON" />
123-->[:flutter_local_notifications] AndroidManifest.xml:22:17-82
123-->[:flutter_local_notifications] AndroidManifest.xml:22:25-79
124                <action android:name="com.htc.intent.action.QUICKBOOT_POWERON" />
124-->[:flutter_local_notifications] AndroidManifest.xml:23:17-82
124-->[:flutter_local_notifications] AndroidManifest.xml:23:25-79
125            </intent-filter>
126        </receiver>
127        <receiver
127-->[com.google.firebase:firebase-messaging:23.0.0] AndroidManifest.xml:28:9-35:20
128            android:name="com.google.firebase.iid.FirebaseInstanceIdReceiver"
128-->[com.google.firebase:firebase-messaging:23.0.0] AndroidManifest.xml:29:13-78
129            android:exported="true"
129-->[com.google.firebase:firebase-messaging:23.0.0] AndroidManifest.xml:30:13-36
130            android:permission="com.google.android.c2dm.permission.SEND" >
130-->[com.google.firebase:firebase-messaging:23.0.0] AndroidManifest.xml:31:13-73
131            <intent-filter>
131-->[:firebase_messaging] AndroidManifest.xml:28:13-30:29
132                <action android:name="com.google.android.c2dm.intent.RECEIVE" />
132-->[:firebase_messaging] AndroidManifest.xml:29:17-81
132-->[:firebase_messaging] AndroidManifest.xml:29:25-78
133            </intent-filter>
134        </receiver>
135        <!--
136             FirebaseMessagingService performs security checks at runtime,
137             but set to not exported to explicitly avoid allowing another app to call it.
138        -->
139        <service
139-->[com.google.firebase:firebase-messaging:23.0.0] AndroidManifest.xml:41:9-48:19
140            android:name="com.google.firebase.messaging.FirebaseMessagingService"
140-->[com.google.firebase:firebase-messaging:23.0.0] AndroidManifest.xml:42:13-82
141            android:directBootAware="true"
141-->[com.google.firebase:firebase-messaging:23.0.0] AndroidManifest.xml:43:13-43
142            android:exported="false" >
142-->[com.google.firebase:firebase-messaging:23.0.0] AndroidManifest.xml:44:13-37
143            <intent-filter android:priority="-500" >
143-->[:firebase_messaging] AndroidManifest.xml:19:13-21:29
144                <action android:name="com.google.firebase.MESSAGING_EVENT" />
144-->[:firebase_messaging] AndroidManifest.xml:20:17-78
144-->[:firebase_messaging] AndroidManifest.xml:20:25-75
145            </intent-filter>
146        </service>
147        <service
147-->[com.google.android.datatransport:transport-backend-cct:3.0.0] AndroidManifest.xml:29:9-35:19
148            android:name="com.google.android.datatransport.runtime.backends.TransportBackendDiscovery"
148-->[com.google.android.datatransport:transport-backend-cct:3.0.0] AndroidManifest.xml:30:13-103
149            android:exported="false" >
149-->[com.google.android.datatransport:transport-backend-cct:3.0.0] AndroidManifest.xml:31:13-37
150            <meta-data
150-->[com.google.android.datatransport:transport-backend-cct:3.0.0] AndroidManifest.xml:32:13-34:39
151                android:name="backend:com.google.android.datatransport.cct.CctBackendFactory"
151-->[com.google.android.datatransport:transport-backend-cct:3.0.0] AndroidManifest.xml:33:17-94
152                android:value="cct" />
152-->[com.google.android.datatransport:transport-backend-cct:3.0.0] AndroidManifest.xml:34:17-36
153        </service>
154
155        <provider
155-->[com.google.firebase:firebase-common:20.0.0] AndroidManifest.xml:26:9-31:39
156            android:name="com.google.firebase.provider.FirebaseInitProvider"
156-->[com.google.firebase:firebase-common:20.0.0] AndroidManifest.xml:27:13-77
157            android:authorities="com.example.test_push.firebaseinitprovider"
157-->[com.google.firebase:firebase-common:20.0.0] AndroidManifest.xml:28:13-72
158            android:directBootAware="true"
158-->[com.google.firebase:firebase-common:20.0.0] AndroidManifest.xml:29:13-43
159            android:exported="false"
159-->[com.google.firebase:firebase-common:20.0.0] AndroidManifest.xml:30:13-37
160            android:initOrder="100" />
160-->[com.google.firebase:firebase-common:20.0.0] AndroidManifest.xml:31:13-36
161
162        <meta-data
162-->[com.google.android.gms:play-services-basement:17.0.0] AndroidManifest.xml:23:9-25:69
163            android:name="com.google.android.gms.version"
163-->[com.google.android.gms:play-services-basement:17.0.0] AndroidManifest.xml:24:13-58
164            android:value="@integer/google_play_services_version" />
164-->[com.google.android.gms:play-services-basement:17.0.0] AndroidManifest.xml:25:13-66
165
166        <service
166-->[com.google.android.datatransport:transport-runtime:3.0.0] AndroidManifest.xml:26:9-30:19
167            android:name="com.google.android.datatransport.runtime.scheduling.jobscheduling.JobInfoSchedulerService"
167-->[com.google.android.datatransport:transport-runtime:3.0.0] AndroidManifest.xml:27:13-117
168            android:exported="false"
168-->[com.google.android.datatransport:transport-runtime:3.0.0] AndroidManifest.xml:28:13-37
169            android:permission="android.permission.BIND_JOB_SERVICE" >
169-->[com.google.android.datatransport:transport-runtime:3.0.0] AndroidManifest.xml:29:13-69
170        </service>
171
172        <receiver
172-->[com.google.android.datatransport:transport-runtime:3.0.0] AndroidManifest.xml:32:9-34:40
173            android:name="com.google.android.datatransport.runtime.scheduling.jobscheduling.AlarmManagerSchedulerBroadcastReceiver"
173-->[com.google.android.datatransport:transport-runtime:3.0.0] AndroidManifest.xml:33:13-132
174            android:exported="false" />
174-->[com.google.android.datatransport:transport-runtime:3.0.0] AndroidManifest.xml:34:13-37
175    </application>
176
177</manifest>